Using pre-set license
Built from '2020.3/staging' branch; Version is '2020.3.30f1 (1fb1bf06830e) revision 2077119'; Using compiler version '192528614'; Build Type 'Release'
OS: 'Windows 10  (10.0.19044) 64bit Core' Language: 'ko' Physical Memory: 16303 MB
BatchMode: 1, IsHumanControllingUs: 0, StartBugReporterOnCrash: 0, Is64bit: 1, IsPro: 0

COMMAND LINE ARGUMENTS:
C:\Program Files\Unity\Hub\Editor\2020.3.30f1\Editor\Unity.exe
-adb2
-batchMode
-noUpm
-name
AssetImportWorker0
-projectPath
C:/Users/USER/Documents/RotationTower/RotationTower
-logFile
Logs/AssetImportWorker0.log
-srvPort
11732
Successfully changed project path to: C:/Users/USER/Documents/RotationTower/RotationTower
C:/Users/USER/Documents/RotationTower/RotationTower
Using Asset Import Pipeline V2.
Refreshing native plugins compatible for Editor in 35.99 ms, found 2 plugins.
Preloading 0 native plugins for Editor in 0.00 ms.
Initialize engine version: 2020.3.30f1 (1fb1bf06830e)
[Subsystems] Discovering subsystems at path C:/Program Files/Unity/Hub/Editor/2020.3.30f1/Editor/Data/Resources/UnitySubsystems
[Subsystems] Discovering subsystems at path C:/Users/USER/Documents/RotationTower/RotationTower/Assets
GfxDevice: creating device client; threaded=0
Direct3D:
    Version:  Direct3D 11.0 [level 11.1]
    Renderer: NVIDIA GeForce RTX 2060 (ID=0x1f51)
    Vendor:   
    VRAM:     5980 MB
    Driver:   26.21.14.3162
Initialize mono
Mono path[0] = 'C:/Program Files/Unity/Hub/Editor/2020.3.30f1/Editor/Data/Managed'
Mono path[1] = 'C:/Program Files/Unity/Hub/Editor/2020.3.30f1/Editor/Data/MonoBleedingEdge/lib/mono/unityjit'
Mono config path = 'C:/Program Files/Unity/Hub/Editor/2020.3.30f1/Editor/Data/MonoBleedingEdge/etc'
Using monoOptions --debugger-agent=transport=dt_socket,embedding=1,server=y,suspend=n,address=127.0.0.1:56608
Begin MonoManager ReloadAssembly
Registering precompiled unity dll's ...
Register platform support module: C:/Program Files/Unity/Hub/Editor/2020.3.30f1/Editor/Data/PlaybackEngines/WindowsStandaloneSupport/UnityEditor.WindowsStandalone.Extensions.dll
Registered in 0.004516 seconds.
Native extension for WindowsStandalone target not found
Refreshing native plugins compatible for Editor in 35.52 ms, found 2 plugins.
Preloading 0 native plugins for Editor in 0.00 ms.
Mono: successfully reloaded assembly
- Completed reload, in  0.693 seconds
Domain Reload Profiling:
	ReloadAssembly (693ms)
		BeginReloadAssembly (107ms)
			ExecutionOrderSort (0ms)
			DisableScriptedObjects (0ms)
			BackupInstance (0ms)
			ReleaseScriptingObjects (0ms)
			CreateAndSetChildDomain (1ms)
		EndReloadAssembly (495ms)
			LoadAssemblies (103ms)
			RebuildTransferFunctionScriptingTraits (0ms)
			SetupTypeCache (150ms)
			ReleaseScriptCaches (0ms)
			RebuildScriptCaches (36ms)
			SetupLoadedEditorAssemblies (183ms)
				LogAssemblyErrors (0ms)
				InitializePlatformSupportModulesInManaged (5ms)
				SetLoadedEditorAssemblies (0ms)
				RefreshPlugins (36ms)
				BeforeProcessingInitializeOnLoad (24ms)
				ProcessInitializeOnLoadAttributes (89ms)
				ProcessInitializeOnLoadMethodAttributes (28ms)
				AfterProcessingInitializeOnLoad (0ms)
				EditorAssembliesLoaded (0ms)
			ExecutionOrderSort2 (0ms)
			AwakeInstancesAfterBackupRestoration (0ms)
Platform modules already initialized, skipping
Registering precompiled user dll's ...
Registered in 0.007707 seconds.
Begin MonoManager ReloadAssembly
Native extension for WindowsStandalone target not found
Refreshing native plugins compatible for Editor in 0.37 ms, found 2 plugins.
Preloading 0 native plugins for Editor in 0.00 ms.
Mono: successfully reloaded assembly
- Completed reload, in  1.204 seconds
Domain Reload Profiling:
	ReloadAssembly (1205ms)
		BeginReloadAssembly (187ms)
			ExecutionOrderSort (0ms)
			DisableScriptedObjects (5ms)
			BackupInstance (0ms)
			ReleaseScriptingObjects (0ms)
			CreateAndSetChildDomain (19ms)
		EndReloadAssembly (945ms)
			LoadAssemblies (131ms)
			RebuildTransferFunctionScriptingTraits (0ms)
			SetupTypeCache (301ms)
			ReleaseScriptCaches (0ms)
			RebuildScriptCaches (57ms)
			SetupLoadedEditorAssemblies (386ms)
				LogAssemblyErrors (0ms)
				InitializePlatformSupportModulesInManaged (7ms)
				SetLoadedEditorAssemblies (0ms)
				RefreshPlugins (0ms)
				BeforeProcessingInitializeOnLoad (102ms)
				ProcessInitializeOnLoadAttributes (250ms)
				ProcessInitializeOnLoadMethodAttributes (10ms)
				AfterProcessingInitializeOnLoad (15ms)
				EditorAssembliesLoaded (0ms)
			ExecutionOrderSort2 (0ms)
			AwakeInstancesAfterBackupRestoration (7ms)
Platform modules already initialized, skipping
========================================================================
Worker process is ready to serve import requests
Launched and connected shader compiler UnityShaderCompiler.exe after 0.08 seconds
Refreshing native plugins compatible for Editor in 0.45 ms, found 2 plugins.
Preloading 0 native plugins for Editor in 0.00 ms.
Unloading 1660 Unused Serialized files (Serialized files now loaded: 0)
System memory in use before: 73.9 MB.
System memory in use after: 74.0 MB.

Unloading 17 unused Assets to reduce memory usage. Loaded Objects now: 2094.
Total: 2.633100 ms (FindLiveObjects: 0.122000 ms CreateObjectMapping: 0.049400 ms MarkObjects: 2.405500 ms  DeleteObjects: 0.055500 ms)

AssetImportParameters requested are different than current active one (requested -> active):
  custom:framework-win-MediaFoundation: 216162199b28c13a410421893ffa2e32 -> 
  custom:video-decoder-ogg-theora: a1e56fd34408186e4bbccfd4996cb3dc -> 
  custom:container-muxer-webm: aa71ff27fc2769a1b78a27578f13a17b -> 
  custom:container-demuxer-webm: 4f35f7cbe854078d1ac9338744f61a02 -> 
  custom:container-demuxer-ogg: 62fdf1f143b41e24485cea50d1cbac27 -> 
  custom:video-encoder-webm-vp8: eb34c28f22e8b96e1ab97ce403110664 -> 
  custom:video-decoder-webm-vp8: 9c59270c3fd7afecdb556c50c9e8de78 -> 
  custom:audio-decoder-ogg-vorbis: bf7c407c2cedff20999df2af8eb42d56 -> 
  custom:audio-encoder-webm-vorbis: bf7c407c2cedff20999df2af8eb42d56 -> 
========================================================================
Received Import Request.
  path: Assets/03. Prefabs/Stage.prefab
  artifactKey: Guid(ac39f650e2814214da25a2993a49e087) Importer(815301076,1909f56bfc062723c751e8b465ee728b)
Start importing Assets/03. Prefabs/Stage.prefab using Guid(ac39f650e2814214da25a2993a49e087) Importer(815301076,1909f56bfc062723c751e8b465ee728b)  -> (artifact id: 'f0c3d540fff5cd5d3b5dc6432ba82ffd') in 0.160777 seconds 
========================================================================
Received Import Request.
  Time since last request: 132.771631 seconds.
  path: Assets/03. Prefabs/Stages/Stage2.prefab
  artifactKey: Guid(3a5ed5ea78d21a244bb021ccdce641a6) Importer(815301076,1909f56bfc062723c751e8b465ee728b)
Start importing Assets/03. Prefabs/Stages/Stage2.prefab using Guid(3a5ed5ea78d21a244bb021ccdce641a6) Importer(815301076,1909f56bfc062723c751e8b465ee728b)  -> (artifact id: '9ea623e0c0e786fdd5667cdf6bff43a8') in 0.036109 seconds 
========================================================================
Received Import Request.
  Time since last request: 44.777245 seconds.
  path: Assets/03. Prefabs/Stage.prefab
  artifactKey: Guid(ac39f650e2814214da25a2993a49e087) Importer(815301076,1909f56bfc062723c751e8b465ee728b)
Start importing Assets/03. Prefabs/Stage.prefab using Guid(ac39f650e2814214da25a2993a49e087) Importer(815301076,1909f56bfc062723c751e8b465ee728b)  -> (artifact id: 'dd28090dfff83a2106a675601f651938') in 0.019324 seconds 
========================================================================
Received Import Request.
  Time since last request: 146.283485 seconds.
  path: Assets/03. Prefabs/Stages/Stage3.prefab
  artifactKey: Guid(5723ba589bdcb744094762be40f714f9) Importer(815301076,1909f56bfc062723c751e8b465ee728b)
Start importing Assets/03. Prefabs/Stages/Stage3.prefab using Guid(5723ba589bdcb744094762be40f714f9) Importer(815301076,1909f56bfc062723c751e8b465ee728b)  -> (artifact id: '4fd3bc3db472689eb96c79c4aff122b6') in 0.027517 seconds 
========================================================================
Received Import Request.
  Time since last request: 121.024808 seconds.
  path: Assets/03. Prefabs/Stages/Stage4.prefab
  artifactKey: Guid(869de503f4590b5438d739406d73c8a4) Importer(815301076,1909f56bfc062723c751e8b465ee728b)
Start importing Assets/03. Prefabs/Stages/Stage4.prefab using Guid(869de503f4590b5438d739406d73c8a4) Importer(815301076,1909f56bfc062723c751e8b465ee728b)  -> (artifact id: '7b7fa3d856a68fae52fc3685e27bd921') in 0.028227 seconds 
========================================================================
Received Import Request.
  Time since last request: 174.464551 seconds.
  path: Assets/03. Prefabs/Stages/Stage5.prefab
  artifactKey: Guid(440653bca8862bb49ae995d5de74a695) Importer(815301076,1909f56bfc062723c751e8b465ee728b)
Start importing Assets/03. Prefabs/Stages/Stage5.prefab using Guid(440653bca8862bb49ae995d5de74a695) Importer(815301076,1909f56bfc062723c751e8b465ee728b)  -> (artifact id: 'bdaee9e2e1be4a7f44adeeb63ac7f903') in 0.027500 seconds 
========================================================================
Received Import Request.
  Time since last request: 219.760927 seconds.
  path: Assets/03. Prefabs/Stages/Stage6.prefab
  artifactKey: Guid(4ab845d152e23c2428593d489e9bbd1d) Importer(815301076,1909f56bfc062723c751e8b465ee728b)
Start importing Assets/03. Prefabs/Stages/Stage6.prefab using Guid(4ab845d152e23c2428593d489e9bbd1d) Importer(815301076,1909f56bfc062723c751e8b465ee728b)  -> (artifact id: '50fed4b622d47631a63519705b33bf9b') in 0.032007 seconds 
========================================================================
Received Import Request.
  Time since last request: 280.580397 seconds.
  path: Assets/03. Prefabs/Stages/Stage7.prefab
  artifactKey: Guid(508d82f6dbd4f0d42bc62fa4acc6b0e5) Importer(815301076,1909f56bfc062723c751e8b465ee728b)
Start importing Assets/03. Prefabs/Stages/Stage7.prefab using Guid(508d82f6dbd4f0d42bc62fa4acc6b0e5) Importer(815301076,1909f56bfc062723c751e8b465ee728b)  -> (artifact id: '024249f52ce833f5065d2f854ba430d9') in 0.031217 seconds 
========================================================================
Received Import Request.
  Time since last request: 343.429760 seconds.
  path: Assets/03. Prefabs/Stages/Stage8.prefab
  artifactKey: Guid(48dd128ed89b9f341b856c864a2599ed) Importer(815301076,1909f56bfc062723c751e8b465ee728b)
Start importing Assets/03. Prefabs/Stages/Stage8.prefab using Guid(48dd128ed89b9f341b856c864a2599ed) Importer(815301076,1909f56bfc062723c751e8b465ee728b)  -> (artifact id: '0ad4cef52b8543d728fb1aee0a2259eb') in 0.031563 seconds 
AssetImportWorkerClient::OnTransportError - code=2 error=End of file
